<?xml version="1.0" encoding="UTF-8"?>
<!-- Generated by org.testng.reporters.JUnitReportReporter -->
<testsuite skipped="0" hostname="03020MP" name="acial.selenium.exercices.testB" tests="2" failures="0" timestamp="17 dÃ©c. 2019 13:39:01 GMT" time="0.038" errors="0">
  <testcase name="test_B_2" time="0.015" classname="acial.selenium.exercices.testB"/>
  <testcase name="test_B_1" time="0.023" classname="acial.selenium.exercices.testB"/>
</testsuite> <!-- acial.selenium.exercices.testB -->
